{
"contracts/ERC20_MintingTokenA.sol":{"l":{"10":3},"path":"/home/jmallidu/hh-fcc/TokenSwapping_Hardhat/contracts/ERC20_MintingTokenA.sol","s":{"1":3},"b":{},"f":{"1":9,"2":3},"fnMap":{"1":{"name":"constructor","line":7,"loc":{"start":{"line":7,"column":4},"end":{"line":7,"column":43}}},"2":{"name":"mint","line":9,"loc":{"start":{"line":9,"column":4},"end":{"line":11,"column":4}}}},"statementMap":{"1":{"start":{"line":10,"column":8},"end":{"line":10,"column":24}}},"branchMap":{}},
"contracts/ERC20_MintingTokenB.sol":{"l":{"10":3},"path":"/home/jmallidu/hh-fcc/TokenSwapping_Hardhat/contracts/ERC20_MintingTokenB.sol","s":{"1":3},"b":{},"f":{"1":9,"2":3},"fnMap":{"1":{"name":"constructor","line":7,"loc":{"start":{"line":7,"column":4},"end":{"line":7,"column":43}}},"2":{"name":"mint","line":9,"loc":{"start":{"line":9,"column":4},"end":{"line":11,"column":4}}}},"statementMap":{"1":{"start":{"line":10,"column":8},"end":{"line":10,"column":24}}},"branchMap":{}},
"contracts/ERC20_TokenSwappingContract.sol":{"l":{"46":3,"47":3,"51":3,"59":3,"70":3,"71":3,"73":3,"85":1,"86":1,"88":1,"89":1,"91":1,"97":1,"106":1,"111":1,"118":1,"124":1,"126":1,"127":1,"151":1,"152":1,"163":2,"164":2,"168":1,"172":1},"path":"/home/jmallidu/hh-fcc/TokenSwapping_Hardhat/contracts/ERC20_TokenSwappingContract.sol","s":{"1":3,"2":3,"3":3,"4":3,"5":3,"6":1,"7":1,"8":1,"9":1,"10":1,"11":1,"12":1,"13":1,"14":1,"15":1,"16":1,"17":1,"18":2,"19":1},"b":{"1":[3,0],"2":[3,0],"3":[1,0],"4":[1,0],"5":[1,0],"6":[1,0],"7":[1,0],"8":[1,0],"9":[1,0],"10":[1,0],"11":[2,0],"12":[1,0]},"f":{"1":3,"2":1,"3":1,"4":1,"5":2,"6":1},"fnMap":{"1":{"name":"open","line":38,"loc":{"start":{"line":38,"column":4},"end":{"line":82,"column":4}}},"2":{"name":"close","line":84,"loc":{"start":{"line":84,"column":4},"end":{"line":119,"column":4}}},"3":{"name":"expire","line":123,"loc":{"start":{"line":121,"column":4},"end":{"line":135,"column":4}}},"4":{"name":"check","line":137,"loc":{"start":{"line":137,"column":4},"end":{"line":160,"column":4}}},"5":{"name":"onlyOpenSwaps","line":162,"loc":{"start":{"line":162,"column":4},"end":{"line":165,"column":4}}},"6":{"name":"onlyOwnerofSwap","line":167,"loc":{"start":{"line":167,"column":4},"end":{"line":173,"column":4}}}},"statementMap":{"1":{"start":{"line":46,"column":8},"end":{"line":46,"column":64}},"2":{"start":{"line":47,"column":8},"end":{"line":47,"column":1211}},"3":{"start":{"line":51,"column":8},"end":{"line":51,"column":1343}},"4":{"start":{"line":59,"column":8},"end":{"line":59,"column":1525}},"5":{"start":{"line":73,"column":8},"end":{"line":73,"column":2010}},"6":{"start":{"line":85,"column":8},"end":{"line":85,"column":41}},"7":{"start":{"line":88,"column":8},"end":{"line":88,"column":75}},"8":{"start":{"line":89,"column":8},"end":{"line":89,"column":77}},"9":{"start":{"line":91,"column":8},"end":{"line":91,"column":2557}},"10":{"start":{"line":97,"column":8},"end":{"line":97,"column":2780}},"11":{"start":{"line":106,"column":8},"end":{"line":106,"column":3049}},"12":{"start":{"line":111,"column":8},"end":{"line":111,"column":3251}},"13":{"start":{"line":118,"column":8},"end":{"line":118,"column":27}},"14":{"start":{"line":126,"column":8},"end":{"line":126,"column":76}},"15":{"start":{"line":127,"column":8},"end":{"line":127,"column":3733}},"16":{"start":{"line":151,"column":8},"end":{"line":151,"column":41}},"17":{"start":{"line":152,"column":8},"end":{"line":152,"column":4346}},"18":{"start":{"line":163,"column":8},"end":{"line":163,"column":76}},"19":{"start":{"line":168,"column":8},"end":{"line":168,"column":4791}}},"branchMap":{"1":{"line":47,"type":"if","locations":[{"start":{"line":47,"column":8},"end":{"line":47,"column":8}},{"start":{"line":47,"column":8},"end":{"line":47,"column":8}}]},"2":{"line":51,"type":"if","locations":[{"start":{"line":51,"column":8},"end":{"line":51,"column":8}},{"start":{"line":51,"column":8},"end":{"line":51,"column":8}}]},"3":{"line":84,"type":"if","locations":[{"start":{"line":84,"column":43},"end":{"line":84,"column":43}},{"start":{"line":84,"column":43},"end":{"line":84,"column":43}}]},"4":{"line":91,"type":"if","locations":[{"start":{"line":91,"column":8},"end":{"line":91,"column":8}},{"start":{"line":91,"column":8},"end":{"line":91,"column":8}}]},"5":{"line":97,"type":"if","locations":[{"start":{"line":97,"column":8},"end":{"line":97,"column":8}},{"start":{"line":97,"column":8},"end":{"line":97,"column":8}}]},"6":{"line":106,"type":"if","locations":[{"start":{"line":106,"column":8},"end":{"line":106,"column":8}},{"start":{"line":106,"column":8},"end":{"line":106,"column":8}}]},"7":{"line":111,"type":"if","locations":[{"start":{"line":111,"column":8},"end":{"line":111,"column":8}},{"start":{"line":111,"column":8},"end":{"line":111,"column":8}}]},"8":{"line":123,"type":"if","locations":[{"start":{"line":123,"column":13},"end":{"line":123,"column":13}},{"start":{"line":123,"column":13},"end":{"line":123,"column":13}}]},"9":{"line":123,"type":"if","locations":[{"start":{"line":123,"column":36},"end":{"line":123,"column":36}},{"start":{"line":123,"column":36},"end":{"line":123,"column":36}}]},"10":{"line":127,"type":"if","locations":[{"start":{"line":127,"column":8},"end":{"line":127,"column":8}},{"start":{"line":127,"column":8},"end":{"line":127,"column":8}}]},"11":{"line":163,"type":"if","locations":[{"start":{"line":163,"column":8},"end":{"line":163,"column":8}},{"start":{"line":163,"column":8},"end":{"line":163,"column":8}}]},"12":{"line":168,"type":"if","locations":[{"start":{"line":168,"column":8},"end":{"line":168,"column":8}},{"start":{"line":168,"column":8},"end":{"line":168,"column":8}}]}}}}
