TN:
SF:/home/jmallidu/hh-fcc/TokenSwapping_Hardhat/contracts/ERC20_MintingTokenA.sol
FN:7,constructor
FN:9,mint
FNF:2
FNH:2
FNDA:9,constructor
FNDA:3,mint
DA:10,3
LF:1
LH:1
BRF:0
BRH:0
end_of_record
TN:
SF:/home/jmallidu/hh-fcc/TokenSwapping_Hardhat/contracts/ERC20_MintingTokenB.sol
FN:7,constructor
FN:9,mint
FNF:2
FNH:2
FNDA:9,constructor
FNDA:3,mint
DA:10,3
LF:1
LH:1
BRF:0
BRH:0
end_of_record
TN:
SF:/home/jmallidu/hh-fcc/TokenSwapping_Hardhat/contracts/ERC20_TokenSwappingContract.sol
FN:38,open
FN:84,close
FN:123,expire
FN:137,check
FN:162,onlyOpenSwaps
FN:167,onlyOwnerofSwap
FNF:6
FNH:6
FNDA:3,open
FNDA:1,close
FNDA:1,expire
FNDA:1,check
FNDA:2,onlyOpenSwaps
FNDA:1,onlyOwnerofSwap
DA:46,3
DA:47,3
DA:51,3
DA:59,3
DA:70,3
DA:71,3
DA:73,3
DA:85,1
DA:86,1
DA:88,1
DA:89,1
DA:91,1
DA:97,1
DA:106,1
DA:111,1
DA:118,1
DA:124,1
DA:126,1
DA:127,1
DA:151,1
DA:152,1
DA:163,2
DA:164,2
DA:168,1
DA:172,1
LF:25
LH:25
BRDA:47,1,0,3
BRDA:47,1,1,0
BRDA:51,2,0,3
BRDA:51,2,1,0
BRDA:84,3,0,1
BRDA:84,3,1,0
BRDA:91,4,0,1
BRDA:91,4,1,0
BRDA:97,5,0,1
BRDA:97,5,1,0
BRDA:106,6,0,1
BRDA:106,6,1,0
BRDA:111,7,0,1
BRDA:111,7,1,0
BRDA:123,8,0,1
BRDA:123,8,1,0
BRDA:123,9,0,1
BRDA:123,9,1,0
BRDA:127,10,0,1
BRDA:127,10,1,0
BRDA:163,11,0,2
BRDA:163,11,1,0
BRDA:168,12,0,1
BRDA:168,12,1,0
BRF:24
BRH:12
end_of_record
